
 OPENPARSEC build 0300 (ver. 0.3).---------------------------------------------------            http://www.openparsec.com              ---------------------------------------------------
 UNTESTED VERSION CURRENTLY UNDER DEVELOPMENT.
---------------------------------------------------
Data package error: file pscdata2.datData package error: file pscdata0.datpscdata version 011, internal version 011OpenParsec Client Network Protocol Version: 0.22GetLocalBroadcast(): ioctl error: No such device.IP address: 18.0.0.0TCP/IP networking support found.Network game will be available.
Booting game core.isdl_joy: Found 0 joysticks.
Executing console script (boot.con)....
::loading position flares...................
::loading firebird..........
::loading bluespire.................
::loading cormoran........
::loading stingray.......
::loading claymore......
::loading hurricane....................
::loading assassin...........
::loading silverhawk......
::loading laser..........
::loading missiles......
::loading power-up generation...............
::loading power-ups...............................................
::loading stargate animation.................................
::loading stargate object.....
::loading panorama.......................................
::loading particle flare 01.
::loading particle flare 02.
::loading particle flare 03...
::loading particle flare 04.
::loading particle flare 05.
::loading lightning particles...............
::loading smoke particles.........................
::loading vaportrail.
::loading shockwave...............
::loading explosions...............................
::loading menu buttons.......................................
::loading logo animation..............................
::loading spacecraft viewer......
::loading cockpit..............................
::loading weapon icons........................................
::loading fonts.
::loading teleporter........
::loading samples.........................................................................................................................
Script execution done.starting up game core.Exiting Parsec...

 OPENPARSEC build 0300 (ver. 0.3).---------------------------------------------------            http://www.openparsec.com              ---------------------------------------------------
 UNTESTED VERSION CURRENTLY UNDER DEVELOPMENT.
---------------------------------------------------
Data package error: file pscdata2.datData package error: file pscdata0.datpscdata version 011, internal version 011OpenParsec Client Network Protocol Version: 0.22GetLocalBroadcast(): ioctl error: No such device.IP address: 18.0.0.0TCP/IP networking support found.Network game will be available.
Booting game core.isdl_joy: Found 0 joysticks.
Executing console script (boot.con)....
::loading position flares...................
::loading firebird..........
::loading bluespire.................
::loading cormoran........
::loading stingray.......
::loading claymore......
::loading hurricane....................
::loading assassin...........
::loading silverhawk......
::loading laser..........
::loading missiles......
::loading power-up generation...............
::loading power-ups...............................................
::loading stargate animation.................................
::loading stargate object.....
::loading panorama.......................................
::loading particle flare 01.
::loading particle flare 02.
::loading particle flare 03...
::loading particle flare 04.
::loading particle flare 05.
::loading lightning particles...............
::loading smoke particles.........................
::loading vaportrail.
::loading shockwave...............
::loading explosions...............................
::loading menu buttons.......................................
::loading logo animation..............................
::loading spacecraft viewer......
::loading cockpit..............................
::loading weapon icons........................................
::loading fonts.
::loading teleporter........
::loading samples.........................................................................................................................
Script execution done.starting up game core.Exiting Parsec...

 OPENPARSEC build 0300 (ver. 0.3).---------------------------------------------------            http://www.openparsec.com              ---------------------------------------------------
 UNTESTED VERSION CURRENTLY UNDER DEVELOPMENT.
---------------------------------------------------
Data package error: file pscdata2.datData package error: file pscdata0.datpscdata version 011, internal version 011OpenParsec Client Network Protocol Version: 0.22GetLocalBroadcast(): ioctl error: No such device.IP address: 18.0.0.0TCP/IP networking support found.Network game will be available.
Booting game core.isdl_joy: Found 0 joysticks.
Executing console script (boot.con)....
::loading position flares...................
::loading firebird..........
::loading bluespire.................
::loading cormoran........
::loading stingray.......
::loading claymore......
::loading hurricane....................
::loading assassin...........
::loading silverhawk......
::loading laser..........
::loading missiles......
::loading power-up generation...............
::loading power-ups...............................................
::loading stargate animation.................................
::loading stargate object.....
::loading panorama.......................................
::loading particle flare 01.
::loading particle flare 02.
::loading particle flare 03...
::loading particle flare 04.
::loading particle flare 05.
::loading lightning particles...............
::loading smoke particles.........................
::loading vaportrail.
::loading shockwave...............
::loading explosions...............................
::loading menu buttons.......................................
::loading logo animation..............................
::loading spacecraft viewer......
::loading cockpit..............................
::loading weapon icons........................................
::loading fonts.
::loading teleporter........
::loading samples.........................................................................................................................
Script execution done.starting up game core.Exiting Parsec...

 OPENPARSEC build 0300 (ver. 0.3).---------------------------------------------------            http://www.openparsec.com              ---------------------------------------------------
 UNTESTED VERSION CURRENTLY UNDER DEVELOPMENT.
---------------------------------------------------
Data package error: file pscdata2.datData package error: file pscdata0.datpscdata version 011, internal version 011OpenParsec Client Network Protocol Version: 0.22GetLocalBroadcast(): ioctl error: No such device.IP address: 18.0.0.0TCP/IP networking support found.Network game will be available.
Booting game core.isdl_joy: Found 0 joysticks.
Executing console script (boot.con)....
::loading position flares...................
::loading firebird..........
::loading bluespire.................
::loading cormoran........
::loading stingray.......
::loading claymore......
::loading hurricane....................
::loading assassin...........
::loading silverhawk......
::loading laser..........
::loading missiles......
::loading power-up generation...............
::loading power-ups...............................................
::loading stargate animation.................................
::loading stargate object.....
::loading panorama.......................................
::loading particle flare 01.
::loading particle flare 02.
::loading particle flare 03...
::loading particle flare 04.
::loading particle flare 05.
::loading lightning particles...............
::loading smoke particles.........................
::loading vaportrail.
::loading shockwave...............
::loading explosions...............................
::loading menu buttons.......................................
::loading logo animation..............................
::loading spacecraft viewer......
::loading cockpit..............................
::loading weapon icons........................................
::loading fonts.
::loading teleporter........
::loading samples.........................................................................................................................
Script execution done.Executing console script (bot.con)...
Script execution done.starting up game core.Exiting Parsec...

 OPENPARSEC build 0300 (ver. 0.3).---------------------------------------------------            http://www.openparsec.com              ---------------------------------------------------
 UNTESTED VERSION CURRENTLY UNDER DEVELOPMENT.
---------------------------------------------------
Data package error: file pscdata2.datData package error: file pscdata0.datpscdata version 011, internal version 011OpenParsec Client Network Protocol Version: 0.22GetLocalBroadcast(): ioctl error: No such device.IP address: 18.0.0.0TCP/IP networking support found.Network game will be available.
Booting game core.isdl_joy: Found 0 joysticks.
Executing console script (boot.con)....
::loading position flares...................
::loading firebird..........
::loading bluespire.................
::loading cormoran........
::loading stingray.......
::loading claymore......
::loading hurricane....................
::loading assassin...........
::loading silverhawk......
::loading laser..........
::loading missiles......
::loading power-up generation...............
::loading power-ups...............................................
::loading stargate animation.................................
::loading stargate object.....
::loading panorama.......................................
::loading particle flare 01.
::loading particle flare 02.
::loading particle flare 03...
::loading particle flare 04.
::loading particle flare 05.
::loading lightning particles...............
::loading smoke particles.........................
::loading vaportrail.
::loading shockwave...............
::loading explosions...............................
::loading menu buttons.......................................
::loading logo animation..............................
::loading spacecraft viewer......
::loading cockpit..............................
::loading weapon icons........................................
::loading fonts.
::loading teleporter........
::loading samples.........................................................................................................................
Script execution done.Executing console script (bot.con)...
Script execution done.starting up game core.servername philtopia.com resolved to 85.119.82.182trying to establish connection.....server: enyo.openparsec.com (10): has accepted our connect request.our accepted local ip is: 92.119.177.13:43468.slot: 1, maxplayers: 10.#1: botmanstate sync: 0=5.state sync: 24=104.state sync: 25=20.state sync: 26=2.state sync: 27=2.state sync: 28=1.state sync: 29=4.#0: crazyspence#1: botmanreceiving client list update from server.adding client 0 named crazyspence to list.repeated call to AddClient(0, crazyspence)repeated call to AddClient(0, crazyspence)masterserver master.openparsec.com resolved to: 85.119.82.182Getting List for 12masterserver master.openparsec.com resolved to: 85.119.82.182Getting List for 12Request already in queue for 12?got server 12 from masterserver: 85.119.82.182:7777 at pos 12/12got server 12 from masterserver: 85.119.82.182:7777 at pos 12/12masterserver master.openparsec.com resolved to: 85.119.82.182Getting List for 12Request already in queue for 12?got server 12 from masterserver: 85.119.82.182:7777 at pos 12/12masterserver master.openparsec.com resolved to: 85.119.82.182Getting List for 12Request already in queue for 12?got server 12 from masterserver: 85.119.82.182:7777 at pos 12/12BOT_AI::_DoPlan() Current Plan, MODE: 3
Want Missles in DoPlanBOT_AI::_DoPlan() Current Plan, MODE: 4
Want Missles in DoPlanBOT: Want Guided Missles.BOT_AI::_DoPlan() Current Plan, MODE: 4
Want Missles in DoPlanBOT: Want Guided Missles.BOT_AI::_DoPlan() Current Plan, MODE: 4
Want Missles in DoPlanBOT: Want Guided Missles.BOT_AI::_DoPlan() Current Plan, MODE: 4
Want Missles in DoPlanBOT: Want Guided Missles.BOT_AI::_DoPlan() Current Plan, MODE: 4
Want Missles in DoPlanBOT: Want Guided Missles.BOT_AI::_DoPlan() Current Plan, MODE: 4
Want Missles in DoPlanBOT: Want Guided Missles.BOT_AI::_DoPlan() Current Plan, MODE: 4
Want Missles in DoPlanBOT: Want Guided Missles.BOT_AI::_DoPlan() Current Plan, MODE: 4
Want Missles in DoPlanBOT: Want Guided Missles.BOT_AI::_DoPlan() Current Plan, MODE: 4
Want Missles in DoPlanBOT: Want Guided Missles.BOT_AI::_DoPlan() Current Plan, MODE: 4
Want Missles in DoPlanBOT: Want Guided Missles.BOT_AI::_DoPlan() Current Plan, MODE: 4
Want Missles in DoPlanBOT: Didn't get a powerup.BOT_AI::_DoPlan() Current Plan, MODE: 4
Want the taste of blood in DoPlan#1: botmanreceiving client list update from server.removing client 0 from list.#0: crazyspence#1: botmanreceiving client list update from server.adding client 0 named crazyspence to list.BOT_AI::_DoPlan() Current Plan, MODE: 1
BOT_AI::_DoPlan() Current Plan, MODE: 1
BOT_AI::_DoPlan() Current Plan, MODE: 1
BOT_AI::_DoPlan() Current Plan, MODE: 1
BOT_AI::_DoPlan() Current Plan, MODE: 1
BOT_AI::_DoPlan() Current Plan, MODE: 1
BOT_AI::_DoPlan() Current Plan, MODE: 1
BOT_AI::_DoPlan() Current Plan, MODE: 1
BOT_AI::_DoPlan() Current Plan, MODE: 1
BOT_AI::_DoPlan() Current Plan, MODE: 1
BOT_AI::_DoPlan() Current Plan, MODE: 1
BOT_AI::_DoPlan() Current Plan, MODE: 1
BOT_AI::_DoPlan() Current Plan, MODE: 1
BOT_AI::_DoPlan() Current Plan, MODE: 1
BOT_AI::_DoPlan() Current Plan, MODE: 1
BOT_AI::_DoPlan() Current Plan, MODE: 1
BOT_AI::_DoPlan() Current Plan, MODE: 1
BOT_AI::_DoPlan() Current Plan, MODE: 1
BOT_AI::_DoPlan() Current Plan, MODE: 1
BOT_AI::_DoPlan() Current Plan, MODE: 1
BOT_AI::_DoPlan() Current Plan, MODE: 1
BOT_AI::_DoPlan() Current Plan, MODE: 1
BOT_AI::_DoPlan() Current Plan, MODE: 1
BOT_AI::_DoPlan() Current Plan, MODE: 1
BOT_AI::_DoPlan() Current Plan, MODE: 1
BOT_AI::_DoPlan() Current Plan, MODE: 1
BOT_AI::_DoPlan() Current Plan, MODE: 1
BOT_AI::_DoPlan() Current Plan, MODE: 1
BOT_AI::_DoPlan() Current Plan, MODE: 1
BOT_AI::_DoPlan() Current Plan, MODE: 1
BOT_AI::_DoPlan() Current Plan, MODE: 1
BOT_AI::_DoPlan() Current Plan, MODE: 1
BOT_AI::_DoPlan() Current Plan, MODE: 1
BOT_AI::_DoPlan() Current Plan, MODE: 1
BOT_AI::_DoPlan() Current Plan, MODE: 1
BOT_AI::_DoPlan() Current Plan, MODE: 1
BOT_AI::_DoPlan() Current Plan, MODE: 1
BOT_AI::_DoPlan() Current Plan, MODE: 1
BOT_AI::_DoPlan() Current Plan, MODE: 1
BOT_AI::_DoPlan() Current Plan, MODE: 1
BOT_AI::_DoPlan() Current Plan, MODE: 1
BOT_AI::_DoPlan() Current Plan, MODE: 1
BOT_AI::_DoPlan() Current Plan, MODE: 1
BOT_AI::_DoPlan() Current Plan, MODE: 1
BOT_AI::_DoPlan() Current Plan, MODE: 1
BOT_AI::_DoPlan() Current Plan, MODE: 1
BOT_AI::_DoPlan() Current Plan, MODE: 1
BOT_AI::_DoPlan() Current Plan, MODE: 1
BOT_AI::_DoPlan() Current Plan, MODE: 1
BOT_AI::_DoPlan() Current Plan, MODE: 1
BOT_AI::_DoPlan() Current Plan, MODE: 1
BOT_AI::_DoPlan() Current Plan, MODE: 1
BOT_AI::_DoPlan() Current Plan, MODE: 1
BOT_AI::_DoPlan() Current Plan, MODE: 1
BOT_AI::_DoPlan() Current Plan, MODE: 1
BOT_AI::_DoPlan() Current Plan, MODE: 1
BOT_AI::_DoPlan() Current Plan, MODE: 1
BOT_AI::_DoPlan() Current Plan, MODE: 1
BOT_AI::_DoPlan() Current Plan, MODE: 1
BOT_AI::_DoPlan() Current Plan, MODE: 1
BOT_AI::_DoPlan() Current Plan, MODE: 1
BOT_AI::_DoPlan() Current Plan, MODE: 1
BOT_AI::_DoPlan() Current Plan, MODE: 1
BOT_AI::_DoPlan() Current Plan, MODE: 1
BOT_AI::_DoPlan() Current Plan, MODE: 1
BOT_AI::_DoPlan() Current Plan, MODE: 1
BOT_AI::_DoPlan() Current Plan, MODE: 1
BOT_AI::_DoPlan() Current Plan, MODE: 1
BOT_AI::_DoPlan() Current Plan, MODE: 1
BOT_AI::_DoPlan() Current Plan, MODE: 1
BOT_AI::_DoPlan() Current Plan, MODE: 1
BOT_AI::_DoPlan() Current Plan, MODE: 1
BOT_AI::_DoPlan() Current Plan, MODE: 1
BOT_AI::_DoPlan() Current Plan, MODE: 1
BOT_AI::_DoPlan() Current Plan, MODE: 1
BOT_AI::_DoPlan() Current Plan, MODE: 1
BOT_AI::_DoPlan() Current Plan, MODE: 1
BOT_AI::_DoPlan() Current Plan, MODE: 1
BOT_AI::_DoPlan() Current Plan, MODE: 1
BOT_AI::_DoPlan() Current Plan, MODE: 1
BOT_AI::_DoPlan() Current Plan, MODE: 1
BOT_AI::_DoPlan() Current Plan, MODE: 1
BOT_AI::_DoPlan() Current Plan, MODE: 1
BOT_AI::_DoPlan() Current Plan, MODE: 1
BOT_AI::_DoPlan() Current Plan, MODE: 1
BOT_AI::_DoPlan() Current Plan, MODE: 1
BOT_AI::_DoPlan() Current Plan, MODE: 1
BOT_AI::_DoPlan() Current Plan, MODE: 1
BOT_AI::_DoPlan() Current Plan, MODE: 1
BOT_AI::_DoPlan() Current Plan, MODE: 1
BOT_AI::_DoPlan() Current Plan, MODE: 1
BOT_AI::_DoPlan() Current Plan, MODE: 1
BOT_AI::_DoPlan() Current Plan, MODE: 1
BOT_AI::_DoPlan() Current Plan, MODE: 1
BOT_AI::_DoPlan() Current Plan, MODE: 1
BOT_AI::_DoPlan() Current Plan, MODE: 1
BOT_AI::_DoPlan() Current Plan, MODE: 1
BOT_AI::_DoPlan() Current Plan, MODE: 1
BOT_AI::_DoPlan() Current Plan, MODE: 1
BOT_AI::_DoPlan() Current Plan, MODE: 1
BOT_AI::_DoPlan() Current Plan, MODE: 1
BOT_AI::_DoPlan() Current Plan, MODE: 1
BOT_AI::_DoPlan() Current Plan, MODE: 1
BOT_AI::_DoPlan() Current Plan, MODE: 1
BOT_AI::_DoPlan() Current Plan, MODE: 1
BOT_AI::_DoPlan() Current Plan, MODE: 1
BOT_AI::_DoPlan() Current Plan, MODE: 1
BOT_AI::_DoPlan() Current Plan, MODE: 1
BOT_AI::_DoPlan() Current Plan, MODE: 1
BOT_AI::_DoPlan() Current Plan, MODE: 1
BOT_AI::_DoPlan() Current Plan, MODE: 1
BOT_AI::_DoPlan() Current Plan, MODE: 1
BOT_AI::_DoPlan() Current Plan, MODE: 1
BOT_AI::_DoPlan() Current Plan, MODE: 1
BOT_AI::_DoPlan() Current Plan, MODE: 1
BOT_AI::_DoPlan() Current Plan, MODE: 1
BOT_AI::_DoPlan() Current Plan, MODE: 1
#1: botmanreceiving client list update from server.removing client 0 from list.BOT_AI::_DoPlan() Current Plan, MODE: 1
Want all powerups in DoPlanBOT_AI::_DoPlan() Current Plan, MODE: 2
Want all powerups in DoPlanBOT_AI::_DoPlan() Current Plan, MODE: 2
Want all powerups in DoPlanBOT_AI::_DoPlan() Current Plan, MODE: 2
Want all powerups in DoPlanBOT_AI::_DoPlan() Current Plan, MODE: 2
Want all powerups in DoPlanBOT_AI::_DoPlan() Current Plan, MODE: 2
Want all powerups in DoPlanBOT_AI::_DoPlan() Current Plan, MODE: 2
Want all powerups in DoPlanBOT_AI::_DoPlan() Current Plan, MODE: 2
Want all powerups in DoPlanBOT_AI::_DoPlan() Current Plan, MODE: 2
Want all powerups in DoPlanBOT_AI::_DoPlan() Current Plan, MODE: 2
Want all powerups in DoPlanBOT_AI::_DoPlan() Current Plan, MODE: 2
Want all powerups in DoPlanBOT_AI::_DoPlan() Current Plan, MODE: 2
Want all powerups in DoPlanBOT_AI::_DoPlan() Current Plan, MODE: 2
Want all powerups in DoPlanBOT_AI::_DoPlan() Current Plan, MODE: 2
Want all powerups in DoPlanBOT_AI::_DoPlan() Current Plan, MODE: 2
Want all powerups in DoPlanBOT_AI::_DoPlan() Current Plan, MODE: 2
Want all powerups in DoPlanBOT_AI::_DoPlan() Current Plan, MODE: 2
Want all powerups in DoPlanBOT_AI::_DoPlan() Current Plan, MODE: 2
Want all powerups in DoPlan.server has accepted our remove request.Exiting Parsec...

 OPENPARSEC build 0300 (ver. 0.3).---------------------------------------------------            http://www.openparsec.com              ---------------------------------------------------
 UNTESTED VERSION CURRENTLY UNDER DEVELOPMENT.
---------------------------------------------------
Data package error: file pscdata2.datData package error: file pscdata0.datpscdata version 011, internal version 011OpenParsec Client Network Protocol Version: 0.22GetLocalBroadcast(): ioctl error: No such device.IP address: 18.0.0.0TCP/IP networking support found.Network game will be available.
Booting game core.isdl_joy: Found 0 joysticks.
Executing console script (boot.con)....
::loading position flares...................
::loading firebird..........
::loading bluespire.................
::loading cormoran........
::loading stingray.......
::loading claymore......
::loading hurricane....................
::loading assassin...........
::loading silverhawk......
::loading laser..........
::loading missiles......
::loading power-up generation...............
::loading power-ups...............................................
::loading stargate animation.................................
::loading stargate object.....
::loading panorama.......................................
::loading particle flare 01.
::loading particle flare 02.
::loading particle flare 03...
::loading particle flare 04.
::loading particle flare 05.
::loading lightning particles...............
::loading smoke particles.........................
::loading vaportrail.
::loading shockwave...............
::loading explosions...............................
::loading menu buttons.......................................
::loading logo animation..............................
::loading spacecraft viewer......
::loading cockpit..............................
::loading weapon icons........................................
::loading fonts.
::loading teleporter........
::loading samples.........................................................................................................................
Script execution done.Executing console script (bot.con)...
Script execution done.starting up game core.servername philtopia.com resolved to 85.119.82.182trying to establish connection.....server: enyo.openparsec.com (10): has accepted our connect request.our accepted local ip is: 92.119.177.13:39273.slot: 0, maxplayers: 10.#0: botteststate sync: 0=5.state sync: 24=104.state sync: 25=20.state sync: 26=2.state sync: 27=2.state sync: 28=1.state sync: 29=4.masterserver master.openparsec.com resolved to: 85.119.82.182Getting List for 12got server 12 from masterserver: 85.119.82.182:7777 at pos 12/12BOT_AI::_DoPlan() Current Plan, MODE: 1
Want all powerups in DoPlanBOT_AI::_DoPlan() Current Plan, MODE: 2
Want Missles in DoPlanBOT: Want Guided Missles.BOT: Didn't get a powerup.BOT_AI::_DoPlan() Current Plan, MODE: 4
Want Missles in DoPlanBOT: Want Guided Missles.BOT: Didn't get a powerup.BOT_AI::_DoPlan() Current Plan, MODE: 4
Want Missles in DoPlanBOT: Want Guided Missles.BOT: Didn't get a powerup.BOT_AI::_DoPlan() Current Plan, MODE: 4
Want Missles in DoPlanBOT: Want Guided Missles.BOT: Didn't get a powerup.BOT_AI::_DoPlan() Current Plan, MODE: 4
Want Missles in DoPlanBOT: Want Guided Missles.BOT: Didn't get a powerup.BOT_AI::_DoPlan() Current Plan, MODE: 4
Want Missles in DoPlanBOT: Want Guided Missles.BOT: Didn't get a powerup.BOT_AI::_DoPlan() Current Plan, MODE: 4
Want Missles in DoPlanBOT: Want Guided Missles.BOT: Didn't get a powerup.BOT_AI::_DoPlan() Current Plan, MODE: 4
Want Missles in DoPlanBOT: Want Guided Missles.BOT: Didn't get a powerup.BOT_AI::_DoPlan() Current Plan, MODE: 4
Want Missles in DoPlanBOT: Want Guided Missles.BOT: Didn't get a powerup.BOT_AI::_DoPlan() Current Plan, MODE: 4
Want Missles in DoPlanBOT: Want Guided Missles.BOT: Didn't get a powerup.BOT_AI::_DoPlan() Current Plan, MODE: 4
Want Missles in DoPlanBOT: Want Guided Missles.BOT: Didn't get a powerup.BOT_AI::_DoPlan() Current Plan, MODE: 4
Want Missles in DoPlanBOT: Want Guided Missles.BOT: Didn't get a powerup.BOT_AI::_DoPlan() Current Plan, MODE: 4
Want Missles in DoPlanBOT: Want Guided Missles.BOT: Didn't get a powerup.BOT_AI::_DoPlan() Current Plan, MODE: 4
Want Missles in DoPlanBOT: Want Guided Missles.BOT: Didn't get a powerup.BOT_AI::_DoPlan() Current Plan, MODE: 4
Want Missles in DoPlanBOT: Want Guided Missles.BOT: Didn't get a powerup.BOT_AI::_DoPlan() Current Plan, MODE: 4
Want Missles in DoPlanBOT: Want Guided Missles.BOT: Didn't get a powerup.BOT_AI::_DoPlan() Current Plan, MODE: 4
Want Missles in DoPlanBOT: Want Guided Missles.BOT: Didn't get a powerup.BOT_AI::_DoPlan() Current Plan, MODE: 4
Want Missles in DoPlanBOT: Want Guided Missles.BOT: Didn't get a powerup.BOT_AI::_DoPlan() Current Plan, MODE: 4
Want Missles in DoPlanBOT: Want Guided Missles.BOT: Didn't get a powerup.BOT_AI::_DoPlan() Current Plan, MODE: 4
Want Missles in DoPlanBOT: Want Guided Missles.BOT: Didn't get a powerup.BOT_AI::_DoPlan() Current Plan, MODE: 4
Want Missles in DoPlanBOT: Want Guided Missles.BOT: Didn't get a powerup.BOT_AI::_DoPlan() Current Plan, MODE: 4
Want Missles in DoPlanBOT: Want Guided Missles.BOT: Didn't get a powerup.BOT_AI::_DoPlan() Current Plan, MODE: 4
Want Missles in DoPlanBOT: Want Guided Missles.BOT: Didn't get a powerup.BOT_AI::_DoPlan() Current Plan, MODE: 4
Want Missles in DoPlanBOT: Want Guided Missles.BOT: Didn't get a powerup.BOT_AI::_DoPlan() Current Plan, MODE: 4
Want Missles in DoPlanBOT: Want Guided Missles.BOT: Didn't get a powerup.BOT_AI::_DoPlan() Current Plan, MODE: 4
Want Missles in DoPlanBOT: Want Guided Missles.BOT: Didn't get a powerup.BOT_AI::_DoPlan() Current Plan, MODE: 4
Want Missles in DoPlanBOT: Want Guided Missles.BOT: Didn't get a powerup.BOT_AI::_DoPlan() Current Plan, MODE: 4
Want Missles in DoPlanBOT: Want Guided Missles.BOT: Didn't get a powerup.BOT_AI::_DoPlan() Current Plan, MODE: 4
Want Missles in DoPlanBOT: Want Guided Missles.BOT: Didn't get a powerup.BOT_AI::_DoPlan() Current Plan, MODE: 4
Want Missles in DoPlanBOT: Want Guided Missles.BOT: Didn't get a powerup.BOT_AI::_DoPlan() Current Plan, MODE: 4
Want Missles in DoPlanBOT: Want Guided Missles.BOT: Didn't get a powerup.BOT_AI::_DoPlan() Current Plan, MODE: 4
Want Missles in DoPlanBOT: Want Guided Missles.BOT: Didn't get a powerup.BOT_AI::_DoPlan() Current Plan, MODE: 4
Want Missles in DoPlanBOT: Want Guided Missles.BOT: Didn't get a powerup.BOT_AI::_DoPlan() Current Plan, MODE: 4
Want Missles in DoPlanBOT: Want Guided Missles.BOT: Didn't get a powerup.BOT_AI::_DoPlan() Current Plan, MODE: 4
Want Missles in DoPlanBOT: Want Guided Missles.BOT: Didn't get a powerup.BOT_AI::_DoPlan() Current Plan, MODE: 4
Want Missles in DoPlanBOT: Want Guided Missles.BOT: Didn't get a powerup.BOT_AI::_DoPlan() Current Plan, MODE: 4
Want Missles in DoPlanBOT: Want Guided Missles.BOT: Didn't get a powerup.BOT_AI::_DoPlan() Current Plan, MODE: 4
Want Missles in DoPlanBOT: Want Guided Missles.BOT: Didn't get a powerup.BOT_AI::_DoPlan() Current Plan, MODE: 4
Want Missles in DoPlanBOT: Want Guided Missles.BOT: Didn't get a powerup.BOT_AI::_DoPlan() Current Plan, MODE: 4
Want Missles in DoPlanBOT: Want Guided Missles.BOT: Didn't get a powerup.BOT_AI::_DoPlan() Current Plan, MODE: 4
Want Missles in DoPlanBOT: Want Guided Missles.BOT: Didn't get a powerup.BOT_AI::_DoPlan() Current Plan, MODE: 4
Want Missles in DoPlanBOT: Want Guided Missles.BOT: Didn't get a powerup.BOT_AI::_DoPlan() Current Plan, MODE: 4
Want Missles in DoPlanBOT: Want Guided Missles.BOT: Didn't get a powerup.BOT_AI::_DoPlan() Current Plan, MODE: 4
Want Missles in DoPlanBOT: Want Guided Missles.BOT: Didn't get a powerup.BOT_AI::_DoPlan() Current Plan, MODE: 4
Want Missles in DoPlanBOT: Want Guided Missles.BOT: Didn't get a powerup.BOT_AI::_DoPlan() Current Plan, MODE: 4
Want Missles in DoPlanBOT: Want Guided Missles.BOT: Didn't get a powerup.BOT_AI::_DoPlan() Current Plan, MODE: 4
Want Missles in DoPlanBOT: Want Guided Missles.BOT: Didn't get a powerup.BOT_AI::_DoPlan() Current Plan, MODE: 4
Want Missles in DoPlanBOT: Want Guided Missles.BOT: Didn't get a powerup.BOT_AI::_DoPlan() Current Plan, MODE: 4
Want Missles in DoPlanBOT: Want Guided Missles.BOT: Didn't get a powerup.BOT_AI::_DoPlan() Current Plan, MODE: 4
Want Missles in DoPlanBOT: Want Guided Missles.BOT: Didn't get a powerup.BOT_AI::_DoPlan() Current Plan, MODE: 4
Want Missles in DoPlanBOT: Want Guided Missles.BOT: Didn't get a powerup.BOT_AI::_DoPlan() Current Plan, MODE: 4
Want Missles in DoPlanBOT: Want Guided Missles.BOT: Didn't get a powerup.BOT_AI::_DoPlan() Current Plan, MODE: 4
Want Missles in DoPlanBOT: Want Guided Missles.BOT: Didn't get a powerup.BOT_AI::_DoPlan() Current Plan, MODE: 4
Want Missles in DoPlanBOT: Want Guided Missles.BOT: Didn't get a powerup.BOT_AI::_DoPlan() Current Plan, MODE: 4
Want Missles in DoPlanBOT: Want Guided Missles.BOT: Didn't get a powerup.BOT_AI::_DoPlan() Current Plan, MODE: 4
Want Missles in DoPlanBOT: Want Guided Missles.BOT: Didn't get a powerup.BOT_AI::_DoPlan() Current Plan, MODE: 4
Want Missles in DoPlanBOT: Want Guided Missles.BOT: Didn't get a powerup.BOT_AI::_DoPlan() Current Plan, MODE: 4
Want Missles in DoPlanBOT: Want Guided Missles.BOT: Didn't get a powerup.BOT_AI::_DoPlan() Current Plan, MODE: 4
Want Missles in DoPlanBOT: Want Guided Missles.BOT: Didn't get a powerup.BOT_AI::_DoPlan() Current Plan, MODE: 4
Want Missles in DoPlanBOT: Want Guided Missles.BOT: Didn't get a powerup.BOT_AI::_DoPlan() Current Plan, MODE: 4
Want Missles in DoPlanBOT: Want Guided Missles.BOT: Didn't get a powerup.BOT_AI::_DoPlan() Current Plan, MODE: 4
Want Missles in DoPlanBOT: Want Guided Missles.BOT: Didn't get a powerup.BOT_AI::_DoPlan() Current Plan, MODE: 4
Want Missles in DoPlanBOT: Want Guided Missles.BOT: Didn't get a powerup.BOT_AI::_DoPlan() Current Plan, MODE: 4
Want Missles in DoPlanBOT: Want Guided Missles.BOT: Didn't get a powerup.BOT_AI::_DoPlan() Current Plan, MODE: 4
Want Missles in DoPlanBOT: Want Guided Missles.BOT: Didn't get a powerup.BOT_AI::_DoPlan() Current Plan, MODE: 4
Want Missles in DoPlanBOT: Want Guided Missles.BOT: Didn't get a powerup.BOT_AI::_DoPlan() Current Plan, MODE: 4
Want Missles in DoPlanBOT: Want Guided Missles.BOT: Didn't get a powerup.BOT_AI::_DoPlan() Current Plan, MODE: 4
Want Missles in DoPlanBOT: Want Guided Missles.BOT: Didn't get a powerup.BOT_AI::_DoPlan() Current Plan, MODE: 4
Want Missles in DoPlanBOT: Want Guided Missles.BOT: Didn't get a powerup.BOT_AI::_DoPlan() Current Plan, MODE: 4
Want Missles in DoPlanBOT: Want Guided Missles.BOT: Didn't get a powerup.BOT_AI::_DoPlan() Current Plan, MODE: 4
Want Missles in DoPlanBOT: Want Guided Missles.BOT: Didn't get a powerup.BOT_AI::_DoPlan() Current Plan, MODE: 4
Want Missles in DoPlanBOT: Want Guided Missles.BOT: Didn't get a powerup.BOT_AI::_DoPlan() Current Plan, MODE: 4
Want Missles in DoPlanBOT: Want Guided Missles.BOT: Didn't get a powerup.BOT_AI::_DoPlan() Current Plan, MODE: 4
Want Missles in DoPlanBOT: Want Guided Missles.BOT: Didn't get a powerup.BOT_AI::_DoPlan() Current Plan, MODE: 4
Want Missles in DoPlanBOT: Want Guided Missles.BOT: Didn't get a powerup.BOT_AI::_DoPlan() Current Plan, MODE: 4
Want Missles in DoPlanBOT: Want Guided Missles.BOT: Didn't get a powerup.BOT_AI::_DoPlan() Current Plan, MODE: 4
Want Missles in DoPlanBOT: Want Guided Missles.BOT: Didn't get a powerup.BOT_AI::_DoPlan() Current Plan, MODE: 4
Want Missles in DoPlanBOT: Want Guided Missles.BOT: Didn't get a powerup.BOT_AI::_DoPlan() Current Plan, MODE: 4
Want Missles in DoPlanBOT: Want Guided Missles.BOT: Didn't get a powerup.BOT_AI::_DoPlan() Current Plan, MODE: 4
Want Missles in DoPlanBOT: Want Guided Missles.BOT: Didn't get a powerup.BOT_AI::_DoPlan() Current Plan, MODE: 4
Want Missles in DoPlanBOT: Want Guided Missles.BOT: Didn't get a powerup.BOT_AI::_DoPlan() Current Plan, MODE: 4
Want Missles in DoPlanBOT: Want Guided Missles.BOT: Didn't get a powerup.BOT_AI::_DoPlan() Current Plan, MODE: 4
Want Missles in DoPlanBOT: Want Guided Missles.BOT: Didn't get a powerup.BOT_AI::_DoPlan() Current Plan, MODE: 4
Want Missles in DoPlanBOT: Want Guided Missles.BOT: Didn't get a powerup.BOT_AI::_DoPlan() Current Plan, MODE: 4
Want Missles in DoPlanBOT: Want Guided Missles.BOT: Didn't get a powerup.BOT_AI::_DoPlan() Current Plan, MODE: 4
Want Missles in DoPlanBOT: Want Guided Missles.BOT: Didn't get a powerup.BOT_AI::_DoPlan() Current Plan, MODE: 4
Want Missles in DoPlanBOT: Want Guided Missles.BOT: Didn't get a powerup.BOT_AI::_DoPlan() Current Plan, MODE: 4
Want Missles in DoPlanBOT: Want Guided Missles.BOT: Didn't get a powerup.BOT_AI::_DoPlan() Current Plan, MODE: 4
Want Missles in DoPlanBOT: Want Guided Missles.BOT: Didn't get a powerup.BOT_AI::_DoPlan() Current Plan, MODE: 4
Want Missles in DoPlanBOT: Want Guided Missles.BOT: Didn't get a powerup.BOT_AI::_DoPlan() Current Plan, MODE: 4
Want Missles in DoPlanBOT: Want Guided Missles.BOT: Didn't get a powerup.BOT_AI::_DoPlan() Current Plan, MODE: 4
Want Missles in DoPlanBOT: Want Guided Missles.BOT: Didn't get a powerup.BOT_AI::_DoPlan() Current Plan, MODE: 4
Want Missles in DoPlanBOT: Want Guided Missles.BOT: Didn't get a powerup.BOT_AI::_DoPlan() Current Plan, MODE: 4
Want Missles in DoPlanBOT: Want Guided Missles.BOT: Didn't get a powerup.BOT_AI::_DoPlan() Current Plan, MODE: 4
Want Missles in DoPlanBOT: Want Guided Missles.BOT: Didn't get a powerup.BOT_AI::_DoPlan() Current Plan, MODE: 4
Want Missles in DoPlanBOT: Want Guided Missles.BOT: Didn't get a powerup.BOT_AI::_DoPlan() Current Plan, MODE: 4
Want Missles in DoPlanBOT: Want Guided Missles.BOT: Didn't get a powerup.BOT_AI::_DoPlan() Current Plan, MODE: 4
Want Missles in DoPlanBOT: Want Guided Missles.BOT: Didn't get a powerup.BOT_AI::_DoPlan() Current Plan, MODE: 4
Want Missles in DoPlanBOT: Want Guided Missles.BOT: Didn't get a powerup.BOT_AI::_DoPlan() Current Plan, MODE: 4
Want Missles in DoPlanBOT: Want Guided Missles.BOT: Didn't get a powerup.BOT_AI::_DoPlan() Current Plan, MODE: 4
Want Missles in DoPlanBOT: Want Guided Missles.BOT: Didn't get a powerup.BOT_AI::_DoPlan() Current Plan, MODE: 4
Want Missles in DoPlanBOT: Want Guided Missles.BOT: Didn't get a powerup.BOT_AI::_DoPlan() Current Plan, MODE: 4
Want Missles in DoPlanBOT: Want Guided Missles.BOT: Didn't get a powerup.BOT_AI::_DoPlan() Current Plan, MODE: 4
Want Missles in DoPlanBOT: Want Guided Missles.BOT: Didn't get a powerup.BOT_AI::_DoPlan() Current Plan, MODE: 4
Want Missles in DoPlanBOT: Want Guided Missles.BOT: Didn't get a powerup.BOT_AI::_DoPlan() Current Plan, MODE: 4
Want Missles in DoPlanBOT: Want Guided Missles.BOT: Didn't get a powerup.BOT_AI::_DoPlan() Current Plan, MODE: 4
Want Missles in DoPlanBOT: Want Guided Missles.BOT: Didn't get a powerup.BOT_AI::_DoPlan() Current Plan, MODE: 4
Want Missles in DoPlanBOT: Want Guided Missles.BOT: Didn't get a powerup.BOT_AI::_DoPlan() Current Plan, MODE: 4
Want Missles in DoPlanBOT: Want Guided Missles.BOT: Didn't get a powerup.BOT_AI::_DoPlan() Current Plan, MODE: 4
Want Missles in DoPlanBOT: Want Guided Missles.BOT: Didn't get a powerup.BOT_AI::_DoPlan() Current Plan, MODE: 4
Want Missles in DoPlanBOT: Want Guided Missles.BOT: Didn't get a powerup.BOT_AI::_DoPlan() Current Plan, MODE: 4
Want Missles in DoPlanBOT: Want Guided Missles.BOT: Didn't get a powerup.BOT_AI::_DoPlan() Current Plan, MODE: 4
Want Missles in DoPlanBOT: Want Guided Missles.BOT: Didn't get a powerup.BOT_AI::_DoPlan() Current Plan, MODE: 4
Want Missles in DoPlanBOT: Want Guided Missles.BOT: Didn't get a powerup.BOT_AI::_DoPlan() Current Plan, MODE: 4
Want Missles in DoPlanBOT: Want Guided Missles.BOT: Didn't get a powerup.BOT_AI::_DoPlan() Current Plan, MODE: 4
Want Missles in DoPlanBOT: Want Guided Missles.BOT: Didn't get a powerup.BOT_AI::_DoPlan() Current Plan, MODE: 4
Want Missles in DoPlanBOT: Want Guided Missles.BOT: Didn't get a powerup.BOT_AI::_DoPlan() Current Plan, MODE: 4
Want Missles in DoPlanBOT: Want Guided Missles.BOT: Didn't get a powerup.BOT_AI::_DoPlan() Current Plan, MODE: 4
Want Missles in DoPlanBOT: Want Guided Missles.BOT: Didn't get a powerup.BOT_AI::_DoPlan() Current Plan, MODE: 4
Want Missles in DoPlanBOT: Want Guided Missles.BOT: Didn't get a powerup.BOT_AI::_DoPlan() Current Plan, MODE: 4
Want Missles in DoPlanBOT: Want Guided Missles.BOT: Didn't get a powerup.BOT_AI::_DoPlan() Current Plan, MODE: 4
Want Missles in DoPlanBOT: Want Guided Missles.BOT: Didn't get a powerup.BOT_AI::_DoPlan() Current Plan, MODE: 4
Want Missles in DoPlanBOT: Want Guided Missles.BOT: Didn't get a powerup.BOT_AI::_DoPlan() Current Plan, MODE: 4
Want Missles in DoPlanBOT: Want Guided Missles.BOT: Didn't get a powerup.BOT_AI::_DoPlan() Current Plan, MODE: 4
Want Missles in DoPlanBOT: Want Guided Missles.BOT: Didn't get a powerup.BOT_AI::_DoPlan() Current Plan, MODE: 4
Want Missles in DoPlanBOT: Want Guided Missles.BOT: Didn't get a powerup.BOT_AI::_DoPlan() Current Plan, MODE: 4
Want Missles in DoPlanBOT: Want Guided Missles.BOT: Didn't get a powerup.BOT_AI::_DoPlan() Current Plan, MODE: 4
Want Missles in DoPlanBOT: Want Guided Missles.BOT: Didn't get a powerup.BOT_AI::_DoPlan() Current Plan, MODE: 4
Want Missles in DoPlanBOT: Want Guided Missles.BOT: Didn't get a powerup.BOT_AI::_DoPlan() Current Plan, MODE: 4
Want Missles in DoPlanBOT: Want Guided Missles.BOT: Didn't get a powerup.BOT_AI::_DoPlan() Current Plan, MODE: 4
Want Missles in DoPlanBOT: Want Guided Missles.BOT: Didn't get a powerup.BOT_AI::_DoPlan() Current Plan, MODE: 4
Want Missles in DoPlanBOT: Want Guided Missles.BOT: Didn't get a powerup.BOT_AI::_DoPlan() Current Plan, MODE: 4
Want Missles in DoPlanBOT: Want Guided Missles.BOT: Didn't get a powerup.BOT_AI::_DoPlan() Current Plan, MODE: 4
Want Missles in DoPlanBOT: Want Guided Missles.BOT: Didn't get a powerup.BOT_AI::_DoPlan() Current Plan, MODE: 4
Want Missles in DoPlanBOT: Want Guided Missles.BOT: Didn't get a powerup.BOT_AI::_DoPlan() Current Plan, MODE: 4
Want Missles in DoPlanBOT: Want Guided Missles.BOT: Didn't get a powerup.BOT_AI::_DoPlan() Current Plan, MODE: 4
Want Missles in DoPlanBOT: Want Guided Missles.BOT: Didn't get a powerup.BOT_AI::_DoPlan() Current Plan, MODE: 4
Want Missles in DoPlanBOT: Want Guided Missles.BOT: Didn't get a powerup.BOT_AI::_DoPlan() Current Plan, MODE: 4
Want Missles in DoPlanBOT: Want Guided Missles.BOT: Didn't get a powerup.BOT_AI::_DoPlan() Current Plan, MODE: 4
Want Missles in DoPlanBOT: Want Guided Missles.BOT: Didn't get a powerup.BOT_AI::_DoPlan() Current Plan, MODE: 4
Want Missles in DoPlanBOT: Want Guided Missles.BOT: Didn't get a powerup.BOT_AI::_DoPlan() Current Plan, MODE: 4
Want Missles in DoPlanBOT: Want Guided Missles.BOT: Didn't get a powerup.BOT_AI::_DoPlan() Current Plan, MODE: 4
Want Missles in DoPlanBOT: Want Guided Missles.BOT: Didn't get a powerup.BOT_AI::_DoPlan() Current Plan, MODE: 4
Want Missles in DoPlanBOT: Want Guided Missles.BOT: Didn't get a powerup.BOT_AI::_DoPlan() Current Plan, MODE: 4
Want Missles in DoPlanBOT: Want Guided Missles.BOT: Didn't get a powerup.BOT_AI::_DoPlan() Current Plan, MODE: 4
Want Missles in DoPlanBOT: Want Guided Missles.BOT: Didn't get a powerup.BOT_AI::_DoPlan() Current Plan, MODE: 4
Want Missles in DoPlanBOT: Want Guided Missles.BOT: Didn't get a powerup.BOT_AI::_DoPlan() Current Plan, MODE: 4
Want Missles in DoPlanBOT: Want Guided Missles.BOT: Didn't get a powerup.BOT_AI::_DoPlan() Current Plan, MODE: 4
Want Missles in DoPlanBOT: Want Guided Missles.BOT: Didn't get a powerup.BOT_AI::_DoPlan() Current Plan, MODE: 4
Want Missles in DoPlanBOT: Want Guided Missles.BOT: Didn't get a powerup.BOT_AI::_DoPlan() Current Plan, MODE: 4
Want Missles in DoPlanBOT: Want Guided Missles.BOT: Didn't get a powerup.BOT_AI::_DoPlan() Current Plan, MODE: 4
Want Missles in DoPlanBOT: Want Guided Missles.BOT: Didn't get a powerup.BOT_AI::_DoPlan() Current Plan, MODE: 4
Want Missles in DoPlanBOT: Want Guided Missles.BOT: Didn't get a powerup.BOT_AI::_DoPlan() Current Plan, MODE: 4
Want Missles in DoPlanBOT: Want Guided Missles.BOT: Didn't get a powerup.BOT_AI::_DoPlan() Current Plan, MODE: 4
Want Missles in DoPlanBOT: Want Guided Missles.BOT: Didn't get a powerup.BOT_AI::_DoPlan() Current Plan, MODE: 4
Want Missles in DoPlanBOT: Want Guided Missles.BOT: Didn't get a powerup.BOT_AI::_DoPlan() Current Plan, MODE: 4
Want Missles in DoPlanBOT: Want Guided Missles.BOT: Didn't get a powerup.BOT_AI::_DoPlan() Current Plan, MODE: 4
Want Missles in DoPlanBOT: Want Guided Missles.BOT: Didn't get a powerup.BOT_AI::_DoPlan() Current Plan, MODE: 4
Want Missles in DoPlanBOT: Want Guided Missles.BOT: Didn't get a powerup.BOT_AI::_DoPlan() Current Plan, MODE: 4
Want Missles in DoPlanBOT: Want Guided Missles.BOT: Didn't get a powerup.BOT_AI::_DoPlan() Current Plan, MODE: 4
Want Missles in DoPlanBOT: Want Guided Missles.BOT: Didn't get a powerup.BOT_AI::_DoPlan() Current Plan, MODE: 4
Want Missles in DoPlanBOT: Want Guided Missles.BOT: Didn't get a powerup.BOT_AI::_DoPlan() Current Plan, MODE: 4
Want Missles in DoPlanBOT: Want Guided Missles.BOT: Didn't get a powerup.BOT_AI::_DoPlan() Current Plan, MODE: 4
Want Missles in DoPlanBOT: Want Guided Missles.BOT: Didn't get a powerup.BOT_AI::_DoPlan() Current Plan, MODE: 4
Want Missles in DoPlanBOT: Want Guided Missles.BOT: Didn't get a powerup.BOT_AI::_DoPlan() Current Plan, MODE: 4
Want Missles in DoPlanBOT: Want Guided Missles.BOT: Didn't get a powerup.BOT_AI::_DoPlan() Current Plan, MODE: 4
Want Missles in DoPlanBOT: Want Guided Missles.BOT: Didn't get a powerup.BOT_AI::_DoPlan() Current Plan, MODE: 4
Want Missles in DoPlanBOT: Want Guided Missles.BOT: Didn't get a powerup.BOT_AI::_DoPlan() Current Plan, MODE: 4
Want Missles in DoPlanBOT: Want Guided Missles.BOT: Didn't get a powerup.BOT_AI::_DoPlan() Current Plan, MODE: 4
Want Missles in DoPlanBOT: Want Guided Missles.BOT: Didn't get a powerup.BOT_AI::_DoPlan() Current Plan, MODE: 4
Want Missles in DoPlanBOT: Want Guided Missles.BOT: Didn't get a powerup.BOT_AI::_DoPlan() Current Plan, MODE: 4
Want Missles in DoPlanBOT: Want Guided Missles.BOT: Didn't get a powerup.BOT_AI::_DoPlan() Current Plan, MODE: 4
Want Missles in DoPlanBOT: Want Guided Missles.BOT: Didn't get a powerup.BOT_AI::_DoPlan() Current Plan, MODE: 4
Want Missles in DoPlanBOT: Want Guided Missles.BOT: Didn't get a powerup.BOT_AI::_DoPlan() Current Plan, MODE: 4
Want Missles in DoPlanBOT: Want Guided Missles.BOT: Didn't get a powerup.BOT_AI::_DoPlan() Current Plan, MODE: 4
Want Missles in DoPlanBOT: Want Guided Missles.BOT: Didn't get a powerup.BOT_AI::_DoPlan() Current Plan, MODE: 4
Want Missles in DoPlanBOT: Want Guided Missles.BOT: Didn't get a powerup.BOT_AI::_DoPlan() Current Plan, MODE: 4
Want Missles in DoPlanBOT: Want Guided Missles.BOT: Didn't get a powerup.BOT_AI::_DoPlan() Current Plan, MODE: 4
Want Missles in DoPlanBOT: Want Guided Missles.BOT: Didn't get a powerup.BOT_AI::_DoPlan() Current Plan, MODE: 4
Want Missles in DoPlanBOT: Want Guided Missles.BOT: Didn't get a powerup.BOT_AI::_DoPlan() Current Plan, MODE: 4
Want Missles in DoPlanBOT: Want Guided Missles.BOT: Didn't get a powerup.BOT_AI::_DoPlan() Current Plan, MODE: 4
Want Missles in DoPlanBOT: Want Guided Missles.BOT: Didn't get a powerup.BOT_AI::_DoPlan() Current Plan, MODE: 4
Want Missles in DoPlanBOT: Want Guided Missles.BOT: Didn't get a powerup.BOT_AI::_DoPlan() Current Plan, MODE: 4
Want Missles in DoPlanBOT: Want Guided Missles.BOT: Didn't get a powerup.BOT_AI::_DoPlan() Current Plan, MODE: 4
Want Missles in DoPlanBOT: Want Guided Missles.BOT: Didn't get a powerup.BOT_AI::_DoPlan() Current Plan, MODE: 4
Want Missles in DoPlanBOT: Want Guided Missles.BOT: Didn't get a powerup.BOT_AI::_DoPlan() Current Plan, MODE: 4
Want Missles in DoPlanBOT: Want Guided Missles.BOT: Didn't get a powerup.BOT_AI::_DoPlan() Current Plan, MODE: 4
Want Missles in DoPlanBOT: Want Guided Missles.BOT: Didn't get a powerup.BOT_AI::_DoPlan() Current Plan, MODE: 4
Want Missles in DoPlanBOT: Want Guided Missles.BOT: Didn't get a powerup.BOT_AI::_DoPlan() Current Plan, MODE: 4
Want Missles in DoPlanBOT: Want Guided Missles.BOT: Didn't get a powerup.BOT_AI::_DoPlan() Current Plan, MODE: 4
Want Missles in DoPlanBOT: Want Guided Missles.BOT: Didn't get a powerup.BOT_AI::_DoPlan() Current Plan, MODE: 4
Want Missles in DoPlanBOT: Want Guided Missles.BOT: Didn't get a powerup.BOT_AI::_DoPlan() Current Plan, MODE: 4
Want Missles in DoPlanBOT: Want Guided Missles.BOT: Didn't get a powerup.BOT_AI::_DoPlan() Current Plan, MODE: 4
Want Missles in DoPlanBOT: Want Guided Missles.BOT: Didn't get a powerup.BOT_AI::_DoPlan() Current Plan, MODE: 4
Want Missles in DoPlanBOT: Want Guided Missles.BOT: Didn't get a powerup.BOT_AI::_DoPlan() Current Plan, MODE: 4
Want Missles in DoPlanBOT: Want Guided Missles.BOT: Didn't get a powerup.BOT_AI::_DoPlan() Current Plan, MODE: 4
Want Missles in DoPlanBOT: Want Guided Missles.BOT: Didn't get a powerup.BOT_AI::_DoPlan() Current Plan, MODE: 4
Want Missles in DoPlanBOT: Want Guided Missles.BOT: Didn't get a powerup.BOT_AI::_DoPlan() Current Plan, MODE: 4
Want Missles in DoPlanBOT: Want Guided Missles.BOT: Didn't get a powerup.BOT_AI::_DoPlan() Current Plan, MODE: 4
Want Missles in DoPlanBOT: Want Guided Missles.BOT: Didn't get a powerup.BOT_AI::_DoPlan() Current Plan, MODE: 4
Want Missles in DoPlanBOT: Want Guided Missles.BOT: Didn't get a powerup.BOT_AI::_DoPlan() Current Plan, MODE: 4
Want Missles in DoPlanBOT: Want Guided Missles.BOT: Didn't get a powerup.BOT_AI::_DoPlan() Current Plan, MODE: 4
Want Missles in DoPlanBOT: Want Guided Missles.BOT: Didn't get a powerup.BOT_AI::_DoPlan() Current Plan, MODE: 4
Want Missles in DoPlanBOT: Want Guided Missles.BOT: Didn't get a powerup.BOT_AI::_DoPlan() Current Plan, MODE: 4
Want Missles in DoPlanBOT: Want Guided Missles.BOT: Didn't get a powerup.BOT_AI::_DoPlan() Current Plan, MODE: 4
Want Missles in DoPlanBOT: Want Guided Missles.BOT: Didn't get a powerup.BOT_AI::_DoPlan() Current Plan, MODE: 4
Want Missles in DoPlanBOT: Want Guided Missles.BOT: Didn't get a powerup.BOT_AI::_DoPlan() Current Plan, MODE: 4
Want Missles in DoPlanBOT: Want Guided Missles.BOT: Didn't get a powerup.BOT_AI::_DoPlan() Current Plan, MODE: 4
Want Missles in DoPlanBOT: Want Guided Missles.BOT: Didn't get a powerup.BOT_AI::_DoPlan() Current Plan, MODE: 4
Want Missles in DoPlanBOT: Want Guided Missles.BOT: Didn't get a powerup.BOT_AI::_DoPlan() Current Plan, MODE: 4
Want Missles in DoPlanBOT: Want Guided Missles.BOT: Didn't get a powerup.BOT_AI::_DoPlan() Current Plan, MODE: 4
Want Missles in DoPlanBOT: Want Guided Missles.BOT: Didn't get a powerup.BOT_AI::_DoPlan() Current Plan, MODE: 4
Want Missles in DoPlanBOT: Want Guided Missles.BOT: Didn't get a powerup.BOT_AI::_DoPlan() Current Plan, MODE: 4
Want Missles in DoPlanBOT: Want Guided Missles.BOT: Didn't get a powerup.BOT_AI::_DoPlan() Current Plan, MODE: 4
Want Missles in DoPlanBOT: Want Guided Missles.BOT: Didn't get a powerup.BOT_AI::_DoPlan() Current Plan, MODE: 4
Want Missles in DoPlanBOT: Want Guided Missles.BOT: Didn't get a powerup.BOT_AI::_DoPlan() Current Plan, MODE: 4
Want Missles in DoPlanBOT: Want Guided Missles.BOT: Didn't get a powerup.BOT_AI::_DoPlan() Current Plan, MODE: 4
Want Missles in DoPlanBOT: Want Guided Missles.BOT: Didn't get a powerup.BOT_AI::_DoPlan() Current Plan, MODE: 4
Want Missles in DoPlanBOT: Want Guided Missles.BOT: Didn't get a powerup.BOT_AI::_DoPlan() Current Plan, MODE: 4
Want Missles in DoPlanBOT: Want Guided Missles.BOT: Didn't get a powerup.BOT_AI::_DoPlan() Current Plan, MODE: 4
Want Missles in DoPlanBOT: Want Guided Missles.BOT: Didn't get a powerup.BOT_AI::_DoPlan() Current Plan, MODE: 4
Want Missles in DoPlanBOT: Want Guided Missles.BOT: Didn't get a powerup.BOT_AI::_DoPlan() Current Plan, MODE: 4
Want Missles in DoPlanBOT: Want Guided Missles.BOT: Didn't get a powerup.BOT_AI::_DoPlan() Current Plan, MODE: 4
Want Missles in DoPlanBOT: Want Guided Missles.BOT: Didn't get a powerup.BOT_AI::_DoPlan() Current Plan, MODE: 4
Want Missles in DoPlanBOT: Want Guided Missles.BOT: Didn't get a powerup.BOT_AI::_DoPlan() Current Plan, MODE: 4
Want Missles in DoPlanBOT: Want Guided Missles.BOT: Didn't get a powerup.BOT_AI::_DoPlan() Current Plan, MODE: 4
Want Missles in DoPlanBOT: Want Guided Missles.BOT: Didn't get a powerup.BOT_AI::_DoPlan() Current Plan, MODE: 4
Want Missles in DoPlanBOT: Want Guided Missles.BOT: Didn't get a powerup.BOT_AI::_DoPlan() Current Plan, MODE: 4
Want Missles in DoPlanBOT: Want Guided Missles.BOT: Didn't get a powerup.BOT_AI::_DoPlan() Current Plan, MODE: 4
Want Missles in DoPlanBOT: Want Guided Missles.BOT: Didn't get a powerup.BOT_AI::_DoPlan() Current Plan, MODE: 4
Want Missles in DoPlanBOT: Want Guided Missles.BOT: Didn't get a powerup.BOT_AI::_DoPlan() Current Plan, MODE: 4
Want Missles in DoPlanBOT: Want Guided Missles.BOT: Didn't get a powerup.BOT_AI::_DoPlan() Current Plan, MODE: 4
Want Missles in DoPlanBOT: Want Guided Missles.BOT: Didn't get a powerup.BOT_AI::_DoPlan() Current Plan, MODE: 4
Want Missles in DoPlanBOT: Want Guided Missles.BOT: Didn't get a powerup.BOT_AI::_DoPlan() Current Plan, MODE: 4
Want Missles in DoPlanBOT: Want Guided Missles.BOT: Didn't get a powerup.BOT_AI::_DoPlan() Current Plan, MODE: 4
Want Missles in DoPlanBOT: Want Guided Missles.BOT: Didn't get a powerup.BOT_AI::_DoPlan() Current Plan, MODE: 4
Want Missles in DoPlanBOT: Want Guided Missles.BOT: Didn't get a powerup.BOT_AI::_DoPlan() Current Plan, MODE: 4
Want Missles in DoPlanBOT: Want Guided Missles.BOT: Didn't get a powerup.BOT_AI::_DoPlan() Current Plan, MODE: 4
Want Missles in DoPlanBOT: Want Guided Missles.BOT: Didn't get a powerup.BOT_AI::_DoPlan() Current Plan, MODE: 4
Want Missles in DoPlanBOT: Want Guided Missles.BOT: Didn't get a powerup.BOT_AI::_DoPlan() Current Plan, MODE: 4
Want Missles in DoPlanBOT: Want Guided Missles.BOT: Didn't get a powerup.BOT_AI::_DoPlan() Current Plan, MODE: 4
Want Missles in DoPlanBOT: Want Guided Missles.BOT: Didn't get a powerup.BOT_AI::_DoPlan() Current Plan, MODE: 4
Want Missles in DoPlanBOT: Want Guided Missles.BOT: Didn't get a powerup.BOT_AI::_DoPlan() Current Plan, MODE: 4
Want Missles in DoPlanBOT: Want Guided Missles.BOT: Didn't get a powerup.BOT_AI::_DoPlan() Current Plan, MODE: 4
Want Missles in DoPlanBOT: Want Guided Missles.BOT: Didn't get a powerup.BOT_AI::_DoPlan() Current Plan, MODE: 4
Want Missles in DoPlanBOT: Want Guided Missles.BOT: Didn't get a powerup.BOT_AI::_DoPlan() Current Plan, MODE: 4
Want Missles in DoPlanBOT: Want Guided Missles.BOT: Didn't get a powerup.BOT_AI::_DoPlan() Current Plan, MODE: 4
Want Missles in DoPlanBOT: Want Guided Missles.BOT: Didn't get a powerup.BOT_AI::_DoPlan() Current Plan, MODE: 4
Want Missles in DoPlanBOT: Want Guided Missles.BOT: Didn't get a powerup.BOT_AI::_DoPlan() Current Plan, MODE: 4
Want Missles in DoPlanBOT: Want Guided Missles.BOT: Didn't get a powerup.BOT_AI::_DoPlan() Current Plan, MODE: 4
Want Missles in DoPlanBOT: Want Guided Missles.BOT: Didn't get a powerup.BOT_AI::_DoPlan() Current Plan, MODE: 4
Want Missles in DoPlanBOT: Want Guided Missles.BOT: Didn't get a powerup.BOT_AI::_DoPlan() Current Plan, MODE: 4
Want Missles in DoPlanBOT: Want Guided Missles.BOT: Didn't get a powerup.BOT_AI::_DoPlan() Current Plan, MODE: 4
Want Missles in DoPlanBOT: Want Guided Missles.BOT: Didn't get a powerup.BOT_AI::_DoPlan() Current Plan, MODE: 4
Want Missles in DoPlanBOT: Want Guided Missles.BOT: Didn't get a powerup.BOT_AI::_DoPlan() Current Plan, MODE: 4
Want Missles in DoPlanBOT: Want Guided Missles.BOT: Didn't get a powerup.BOT_AI::_DoPlan() Current Plan, MODE: 4
Want Missles in DoPlanBOT: Want Guided Missles.BOT: Didn't get a powerup.BOT_AI::_DoPlan() Current Plan, MODE: 4
Want Missles in DoPlanBOT: Want Guided Missles.BOT: Didn't get a powerup.BOT_AI::_DoPlan() Current Plan, MODE: 4
Want Missles in DoPlanBOT: Want Guided Missles.BOT: Didn't get a powerup.BOT_AI::_DoPlan() Current Plan, MODE: 4
Want Missles in DoPlanBOT: Want Guided Missles.BOT: Didn't get a powerup.BOT_AI::_DoPlan() Current Plan, MODE: 4
Want Missles in DoPlanBOT: Want Guided Missles.BOT: Didn't get a powerup.BOT_AI::_DoPlan() Current Plan, MODE: 4
Want Missles in DoPlanBOT: Want Guided Missles.BOT: Didn't get a powerup.BOT_AI::_DoPlan() Current Plan, MODE: 4
Want Missles in DoPlanBOT: Want Guided Missles.BOT: Didn't get a powerup.BOT_AI::_DoPlan() Current Plan, MODE: 4
Want Missles in DoPlanBOT: Want Guided Missles.BOT: Didn't get a powerup.BOT_AI::_DoPlan() Current Plan, MODE: 4
Want Missles in DoPlanBOT: Want Guided Missles.BOT: Didn't get a powerup.BOT_AI::_DoPlan() Current Plan, MODE: 4
Want Missles in DoPlanBOT: Want Guided Missles.BOT: Didn't get a powerup.BOT_AI::_DoPlan() Current Plan, MODE: 4
Want Missles in DoPlanBOT: Want Guided Missles.BOT: Didn't get a powerup.BOT_AI::_DoPlan() Current Plan, MODE: 4
Want Missles in DoPlanBOT: Want Guided Missles.BOT: Didn't get a powerup.BOT_AI::_DoPlan() Current Plan, MODE: 4
Want Missles in DoPlanBOT: Want Guided Missles.BOT: Didn't get a powerup.BOT_AI::_DoPlan() Current Plan, MODE: 4
Want Missles in DoPlanBOT: Want Guided Missles.BOT: Didn't get a powerup.BOT_AI::_DoPlan() Current Plan, MODE: 4
Want Missles in DoPlanBOT: Want Guided Missles.BOT: Didn't get a powerup.BOT_AI::_DoPlan() Current Plan, MODE: 4
Want Missles in DoPlanBOT: Want Guided Missles.BOT: Didn't get a powerup.BOT_AI::_DoPlan() Current Plan, MODE: 4
Want Missles in DoPlanBOT: Want Guided Missles.BOT: Didn't get a powerup.BOT_AI::_DoPlan() Current Plan, MODE: 4
Want Missles in DoPlanBOT: Want Guided Missles.BOT: Didn't get a powerup.BOT_AI::_DoPlan() Current Plan, MODE: 4
Want Missles in DoPlanBOT: Want Guided Missles.BOT: Didn't get a powerup.BOT_AI::_DoPlan() Current Plan, MODE: 4
Want Missles in DoPlanBOT: Want Guided Missles.BOT: Didn't get a powerup.BOT_AI::_DoPlan() Current Plan, MODE: 4
Want Missles in DoPlanBOT: Want Guided Missles.BOT: Didn't get a powerup.BOT_AI::_DoPlan() Current Plan, MODE: 4
Want Missles in DoPlanBOT: Want Guided Missles.BOT: Didn't get a powerup.BOT_AI::_DoPlan() Current Plan, MODE: 4
Want Missles in DoPlanBOT: Want Guided Missles.BOT: Didn't get a powerup.BOT_AI::_DoPlan() Current Plan, MODE: 4
Want Missles in DoPlanBOT: Want Guided Missles.BOT: Didn't get a powerup.BOT_AI::_DoPlan() Current Plan, MODE: 4
Want Missles in DoPlanBOT: Want Guided Missles.BOT: Didn't get a powerup.BOT_AI::_DoPlan() Current Plan, MODE: 4
Want Missles in DoPlanBOT: Want Guided Missles.BOT: Didn't get a powerup.BOT_AI::_DoPlan() Current Plan, MODE: 4
Want Missles in DoPlanBOT: Want Guided Missles.BOT: Didn't get a powerup.BOT_AI::_DoPlan() Current Plan, MODE: 4
Want Missles in DoPlanBOT: Want Guided Missles.BOT: Didn't get a powerup.BOT_AI::_DoPlan() Current Plan, MODE: 4
Want Missles in DoPlanBOT: Want Guided Missles.BOT: Didn't get a powerup.BOT_AI::_DoPlan() Current Plan, MODE: 4
Want Missles in DoPlanBOT: Want Guided Missles.BOT: Didn't get a powerup.BOT_AI::_DoPlan() Current Plan, MODE: 4
Want Missles in DoPlanBOT: Want Guided Missles.BOT: Didn't get a powerup.BOT_AI::_DoPlan() Current Plan, MODE: 4
Want Missles in DoPlanBOT: Want Guided Missles.BOT: Didn't get a powerup.BOT_AI::_DoPlan() Current Plan, MODE: 4
Want Missles in DoPlanBOT: Want Guided Missles.BOT: Didn't get a powerup.BOT_AI::_DoPlan() Current Plan, MODE: 4
Want Missles in DoPlanBOT: Want Guided Missles.BOT: Didn't get a powerup.BOT_AI::_DoPlan() Current Plan, MODE: 4
Want Missles in DoPlanBOT: Want Guided Missles.BOT: Didn't get a powerup.BOT_AI::_DoPlan() Current Plan, MODE: 4
Want Missles in DoPlanBOT: Want Guided Missles.BOT: Didn't get a powerup.BOT_AI::_DoPlan() Current Plan, MODE: 4
Want Missles in DoPlanBOT: Want Guided Missles.BOT: Didn't get a powerup.BOT_AI::_DoPlan() Current Plan, MODE: 4
Want Missles in DoPlanBOT: Want Guided Missles.BOT: Didn't get a powerup.BOT_AI::_DoPlan() Current Plan, MODE: 4
Want Missles in DoPlanBOT: Want Guided Missles.BOT: Didn't get a powerup.BOT_AI::_DoPlan() Current Plan, MODE: 4
Want Missles in DoPlanBOT: Want Guided Missles.BOT: Didn't get a powerup.BOT_AI::_DoPlan() Current Plan, MODE: 4
Want Missles in DoPlanBOT: Want Guided Missles.BOT: Didn't get a powerup.BOT_AI::_DoPlan() Current Plan, MODE: 4
Want Missles in DoPlanBOT: Want Guided Missles.BOT: Didn't get a powerup.BOT_AI::_DoPlan() Current Plan, MODE: 4
Want Missles in DoPlanBOT: Want Guided Missles.BOT: Didn't get a powerup.BOT_AI::_DoPlan() Current Plan, MODE: 4
Want Missles in DoPlanBOT: Want Guided Missles.BOT: Didn't get a powerup.BOT_AI::_DoPlan() Current Plan, MODE: 4
Want Missles in DoPlanBOT: Want Guided Missles.BOT: Didn't get a powerup.BOT_AI::_DoPlan() Current Plan, MODE: 4
Want Missles in DoPlanBOT: Want Guided Missles.BOT: Didn't get a powerup.BOT_AI::_DoPlan() Current Plan, MODE: 4
Want Missles in DoPlanBOT: Want Guided Missles.BOT: Didn't get a powerup.BOT_AI::_DoPlan() Current Plan, MODE: 4
Want Missles in DoPlanBOT: Want Guided Missles.BOT: Didn't get a powerup.BOT_AI::_DoPlan() Current Plan, MODE: 4
Want Missles in DoPlanBOT: Want Guided Missles.BOT: Didn't get a powerup.BOT_AI::_DoPlan() Current Plan, MODE: 4
Want Missles in DoPlanBOT: Want Guided Missles.BOT: Didn't get a powerup.BOT_AI::_DoPlan() Current Plan, MODE: 4
Want Missles in DoPlanBOT: Want Guided Missles.BOT: Didn't get a powerup.BOT_AI::_DoPlan() Current Plan, MODE: 4
Want Missles in DoPlanBOT: Want Guided Missles.BOT: Didn't get a powerup.BOT_AI::_DoPlan() Current Plan, MODE: 4
Want Missles in DoPlanBOT: Want Guided Missles.BOT: Didn't get a powerup.BOT_AI::_DoPlan() Current Plan, MODE: 4
Want Missles in DoPlanBOT: Want Guided Missles.BOT: Didn't get a powerup.BOT_AI::_DoPlan() Current Plan, MODE: 4
Want Missles in DoPlanBOT: Want Guided Missles.BOT: Didn't get a powerup.BOT_AI::_DoPlan() Current Plan, MODE: 4
Want Missles in DoPlanBOT: Want Guided Missles.BOT: Didn't get a powerup.BOT_AI::_DoPlan() Current Plan, MODE: 4
Want Missles in DoPlanBOT: Want Guided Missles.BOT: Didn't get a powerup.BOT_AI::_DoPlan() Current Plan, MODE: 4
Want Missles in DoPlanBOT: Want Guided Missles.BOT: Didn't get a powerup.BOT_AI::_DoPlan() Current Plan, MODE: 4
Want Missles in DoPlanBOT: Want Guided Missles.BOT: Didn't get a powerup.BOT_AI::_DoPlan() Current Plan, MODE: 4
Want Missles in DoPlanBOT: Want Guided Missles.BOT: Didn't get a powerup.BOT_AI::_DoPlan() Current Plan, MODE: 4
Want Missles in DoPlanBOT: Want Guided Missles.BOT: Didn't get a powerup.BOT_AI::_DoPlan() Current Plan, MODE: 4
Want Missles in DoPlanBOT: Want Guided Missles.BOT: Didn't get a powerup.BOT_AI::_DoPlan() Current Plan, MODE: 4
Want Missles in DoPlanBOT: Want Guided Missles.BOT: Didn't get a powerup.BOT_AI::_DoPlan() Current Plan, MODE: 4
Want Missles in DoPlanBOT: Want Guided Missles.BOT: Didn't get a powerup.BOT_AI::_DoPlan() Current Plan, MODE: 4
Want Missles in DoPlanBOT: Want Guided Missles.BOT: Didn't get a powerup.BOT_AI::_DoPlan() Current Plan, MODE: 4
Want Missles in DoPlanBOT: Want Guided Missles.BOT: Didn't get a powerup.BOT_AI::_DoPlan() Current Plan, MODE: 4
Want Missles in DoPlanBOT: Want Guided Missles.BOT: Didn't get a powerup.BOT_AI::_DoPlan() Current Plan, MODE: 4
Want Missles in DoPlanBOT: Want Guided Missles.BOT: Didn't get a powerup.BOT_AI::_DoPlan() Current Plan, MODE: 4
Want Missles in DoPlanBOT: Want Guided Missles.BOT: Didn't get a powerup.BOT_AI::_DoPlan() Current Plan, MODE: 4
Want Missles in DoPlanBOT: Want Guided Missles.BOT: Didn't get a powerup.BOT_AI::_DoPlan() Current Plan, MODE: 4
Want Missles in DoPlanBOT: Want Guided Missles.BOT: Didn't get a powerup.BOT_AI::_DoPlan() Current Plan, MODE: 4
Want Missles in DoPlanBOT: Want Guided Missles.BOT: Didn't get a powerup.BOT_AI::_DoPlan() Current Plan, MODE: 4
Want Missles in DoPlanBOT: Want Guided Missles.BOT: Didn't get a powerup.BOT_AI::_DoPlan() Current Plan, MODE: 4
Want Missles in DoPlanBOT: Want Guided Missles.BOT: Didn't get a powerup.BOT_AI::_DoPlan() Current Plan, MODE: 4
Want Missles in DoPlanBOT: Want Guided Missles.BOT: Didn't get a powerup.BOT_AI::_DoPlan() Current Plan, MODE: 4
Want Missles in DoPlanBOT: Want Guided Missles.BOT: Didn't get a powerup.BOT_AI::_DoPlan() Current Plan, MODE: 4
Want Missles in DoPlanBOT: Want Guided Missles.BOT: Didn't get a powerup.BOT_AI::_DoPlan() Current Plan, MODE: 4
Want Missles in DoPlanBOT: Want Guided Missles.BOT: Didn't get a powerup.BOT_AI::_DoPlan() Current Plan, MODE: 4
Want Missles in DoPlanBOT: Want Guided Missles.BOT: Didn't get a powerup.BOT_AI::_DoPlan() Current Plan, MODE: 4
Want Missles in DoPlanBOT: Want Guided Missles.BOT: Didn't get a powerup.BOT_AI::_DoPlan() Current Plan, MODE: 4
Want Missles in DoPlanBOT: Want Guided Missles.BOT: Didn't get a powerup.BOT_AI::_DoPlan() Current Plan, MODE: 4
Want Missles in DoPlanBOT: Want Guided Missles.BOT: Didn't get a powerup.BOT_AI::_DoPlan() Current Plan, MODE: 4
Want Missles in DoPlanBOT: Want Guided Missles.BOT: Didn't get a powerup.BOT_AI::_DoPlan() Current Plan, MODE: 4
Want Missles in DoPlanBOT: Want Guided Missles.BOT: Didn't get a powerup.BOT_AI::_DoPlan() Current Plan, MODE: 4
Want Missles in DoPlanBOT: Want Guided Missles.BOT: Didn't get a powerup.BOT_AI::_DoPlan() Current Plan, MODE: 4
Want Missles in DoPlanBOT: Want Guided Missles.BOT: Didn't get a powerup.BOT_AI::_DoPlan() Current Plan, MODE: 4
Want Missles in DoPlanBOT: Want Guided Missles.BOT: Didn't get a powerup.BOT_AI::_DoPlan() Current Plan, MODE: 4
Want Missles in DoPlanBOT: Want Guided Missles.BOT: Didn't get a powerup.BOT_AI::_DoPlan() Current Plan, MODE: 4
Want Missles in DoPlanBOT: Want Guided Missles.BOT: Didn't get a powerup.BOT_AI::_DoPlan() Current Plan, MODE: 4
Want Missles in DoPlanBOT: Want Guided Missles.BOT: Didn't get a powerup.BOT_AI::_DoPlan() Current Plan, MODE: 4
Want Missles in DoPlanBOT: Want Guided Missles.BOT: Didn't get a powerup.BOT_AI::_DoPlan() Current Plan, MODE: 4
Want Missles in DoPlanBOT: Want Guided Missles.BOT: Didn't get a powerup.BOT_AI::_DoPlan() Current Plan, MODE: 4
Want Missles in DoPlanBOT: Want Guided Missles.BOT: Didn't get a powerup.BOT_AI::_DoPlan() Current Plan, MODE: 4
Want Missles in DoPlanBOT: Want Guided Missles.BOT: Didn't get a powerup.BOT_AI::_DoPlan() Current Plan, MODE: 4
Want Missles in DoPlanBOT: Want Guided Missles.BOT: Didn't get a powerup.BOT_AI::_DoPlan() Current Plan, MODE: 4
Want Missles in DoPlanBOT: Want Guided Missles.BOT: Didn't get a powerup.BOT_AI::_DoPlan() Current Plan, MODE: 4
Want Missles in DoPlanBOT: Want Guided Missles.BOT: Didn't get a powerup.BOT_AI::_DoPlan() Current Plan, MODE: 4
Want Missles in DoPlanBOT: Want Guided Missles.BOT: Didn't get a powerup.BOT_AI::_DoPlan() Current Plan, MODE: 4
Want Missles in DoPlanBOT: Want Guided Missles.BOT: Didn't get a powerup.BOT_AI::_DoPlan() Current Plan, MODE: 4
Want Missles in DoPlanBOT: Want Guided Missles.BOT: Didn't get a powerup.BOT_AI::_DoPlan() Current Plan, MODE: 4
Want Missles in DoPlanBOT: Want Guided Missles.BOT: Didn't get a powerup.BOT_AI::_DoPlan() Current Plan, MODE: 4
Want Missles in DoPlanBOT: Want Guided Missles.BOT: Didn't get a powerup.BOT_AI::_DoPlan() Current Plan, MODE: 4
Want Missles in DoPlanBOT: Want Guided Missles.BOT: Didn't get a powerup.BOT_AI::_DoPlan() Current Plan, MODE: 4
Want Missles in DoPlanBOT: Want Guided Missles.BOT: Didn't get a powerup.BOT_AI::_DoPlan() Current Plan, MODE: 4
Want Missles in DoPlanBOT: Want Guided Missles.BOT: Didn't get a powerup.BOT_AI::_DoPlan() Current Plan, MODE: 4
Want Missles in DoPlanBOT: Want Guided Missles.BOT: Didn't get a powerup.BOT_AI::_DoPlan() Current Plan, MODE: 4
Want Missles in DoPlanBOT: Want Guided Missles.BOT: Didn't get a powerup.BOT_AI::_DoPlan() Current Plan, MODE: 4
Want Missles in DoPlanBOT: Want Guided Missles.BOT: Didn't get a powerup.BOT_AI::_DoPlan() Current Plan, MODE: 4
Want Missles in DoPlanBOT: Want Guided Missles.BOT: Didn't get a powerup.BOT_AI::_DoPlan() Current Plan, MODE: 4
Want Missles in DoPlanBOT: Want Guided Missles.BOT: Didn't get a powerup.BOT_AI::_DoPlan() Current Plan, MODE: 4
Want Missles in DoPlanBOT: Want Guided Missles.BOT: Didn't get a powerup.BOT_AI::_DoPlan() Current Plan, MODE: 4
Want Missles in DoPlanBOT: Want Guided Missles.BOT: Didn't get a powerup.BOT_AI::_DoPlan() Current Plan, MODE: 4
Want Missles in DoPlanBOT: Want Guided Missles.BOT: Didn't get a powerup.BOT_AI::_DoPlan() Current Plan, MODE: 4
Want Missles in DoPlanBOT: Want Guided Missles.BOT: Didn't get a powerup.BOT_AI::_DoPlan() Current Plan, MODE: 4
Want Missles in DoPlanBOT: Want Guided Missles.BOT: Didn't get a powerup.BOT_AI::_DoPlan() Current Plan, MODE: 4
Want Missles in DoPlanBOT: Want Guided Missles.BOT: Didn't get a powerup.BOT_AI::_DoPlan() Current Plan, MODE: 4
Want Missles in DoPlanBOT: Want Guided Missles.BOT: Didn't get a powerup.BOT_AI::_DoPlan() Current Plan, MODE: 4
Want Missles in DoPlanBOT: Want Guided Missles.BOT: Didn't get a powerup.BOT_AI::_DoPlan() Current Plan, MODE: 4
Want Missles in DoPlanBOT: Want Guided Missles.BOT: Didn't get a powerup.BOT_AI::_DoPlan() Current Plan, MODE: 4
Want Missles in DoPlanBOT: Want Guided Missles.BOT: Didn't get a powerup.BOT_AI::_DoPlan() Current Plan, MODE: 4
Want Missles in DoPlanBOT: Want Guided Missles.BOT: Didn't get a powerup.BOT_AI::_DoPlan() Current Plan, MODE: 4
Want Missles in DoPlanBOT: Want Guided Missles.BOT: Didn't get a powerup.BOT_AI::_DoPlan() Current Plan, MODE: 4
Want Missles in DoPlanBOT: Want Guided Missles.BOT: Didn't get a powerup.BOT_AI::_DoPlan() Current Plan, MODE: 4
Want Missles in DoPlanBOT: Want Guided Missles.BOT: Didn't get a powerup.BOT_AI::_DoPlan() Current Plan, MODE: 4
Want Missles in DoPlanBOT: Want Guided Missles.BOT: Didn't get a powerup.BOT_AI::_DoPlan() Current Plan, MODE: 4
Want Missles in DoPlanBOT: Want Guided Missles.BOT: Didn't get a powerup.BOT_AI::_DoPlan() Current Plan, MODE: 4
Want Missles in DoPlanBOT: Want Guided Missles.BOT: Didn't get a powerup.BOT_AI::_DoPlan() Current Plan, MODE: 4
Want Missles in DoPlanBOT: Want Guided Missles.BOT: Didn't get a powerup.BOT_AI::_DoPlan() Current Plan, MODE: 4
Want Missles in DoPlanBOT: Want Guided Missles.BOT: Didn't get a powerup.BOT_AI::_DoPlan() Current Plan, MODE: 4
Want Missles in DoPlanBOT: Want Guided Missles.BOT: Didn't get a powerup.BOT_AI::_DoPlan() Current Plan, MODE: 4
Want Missles in DoPlanBOT: Want Guided Missles.BOT: Didn't get a powerup.BOT_AI::_DoPlan() Current Plan, MODE: 4
Want Missles in DoPlanBOT: Want Guided Missles.BOT: Didn't get a powerup.BOT_AI::_DoPlan() Current Plan, MODE: 4
Want Missles in DoPlanBOT: Want Guided Missles.BOT: Didn't get a powerup.BOT_AI::_DoPlan() Current Plan, MODE: 4
Want Missles in DoPlanBOT: Want Guided Missles.BOT: Didn't get a powerup.BOT_AI::_DoPlan() Current Plan, MODE: 4
Want Missles in DoPlanBOT: Want Guided Missles.BOT: Didn't get a powerup.BOT_AI::_DoPlan() Current Plan, MODE: 4
Want Missles in DoPlanBOT: Want Guided Missles.BOT: Didn't get a powerup.BOT_AI::_DoPlan() Current Plan, MODE: 4
Want Missles in DoPlanBOT: Want Guided Missles.BOT: Didn't get a powerup.BOT_AI::_DoPlan() Current Plan, MODE: 4
Want Missles in DoPlanBOT: Want Guided Missles.BOT: Didn't get a powerup.BOT_AI::_DoPlan() Current Plan, MODE: 4
Want Missles in DoPlanBOT: Want Guided Missles.BOT: Didn't get a powerup.BOT_AI::_DoPlan() Current Plan, MODE: 4
Want Missles in DoPlanBOT: Want Guided Missles.BOT: Didn't get a powerup.BOT_AI::_DoPlan() Current Plan, MODE: 4
Want Missles in DoPlanBOT: Want Guided Missles.BOT: Didn't get a powerup.BOT_AI::_DoPlan() Current Plan, MODE: 4
Want Missles in DoPlanBOT: Want Guided Missles.BOT: Didn't get a powerup.BOT_AI::_DoPlan() Current Plan, MODE: 4
Want Missles in DoPlanBOT: Want Guided Missles.BOT: Didn't get a powerup.BOT_AI::_DoPlan() Current Plan, MODE: 4
Want Missles in DoPlanBOT: Want Guided Missles.BOT: Didn't get a powerup.BOT_AI::_DoPlan() Current Plan, MODE: 4
Want Missles in DoPlanBOT: Want Guided Missles.BOT: Didn't get a powerup.BOT_AI::_DoPlan() Current Plan, MODE: 4
Want Missles in DoPlanBOT: Want Guided Missles.BOT: Didn't get a powerup.BOT_AI::_DoPlan() Current Plan, MODE: 4
Want Missles in DoPlanBOT: Want Guided Missles.BOT: Didn't get a powerup.BOT_AI::_DoPlan() Current Plan, MODE: 4
Want Missles in DoPlanBOT: Want Guided Missles.BOT: Didn't get a powerup.BOT_AI::_DoPlan() Current Plan, MODE: 4
Want Missles in DoPlanBOT: Want Guided Missles.BOT: Didn't get a powerup.BOT_AI::_DoPlan() Current Plan, MODE: 4
Want Missles in DoPlanBOT: Want Guided Missles.BOT: Didn't get a powerup.BOT_AI::_DoPlan() Current Plan, MODE: 4
Want Missles in DoPlanBOT: Want Guided Missles.BOT: Didn't get a powerup.BOT_AI::_DoPlan() Current Plan, MODE: 4
Want Missles in DoPlanBOT: Want Guided Missles.BOT: Didn't get a powerup.BOT_AI::_DoPlan() Current Plan, MODE: 4
Want Missles in DoPlanBOT: Want Guided Missles.BOT: Didn't get a powerup.BOT_AI::_DoPlan() Current Plan, MODE: 4
Want Missles in DoPlanBOT: Want Guided Missles.BOT: Didn't get a powerup.BOT_AI::_DoPlan() Current Plan, MODE: 4
Want Missles in DoPlanBOT: Want Guided Missles.BOT: Didn't get a powerup.BOT_AI::_DoPlan() Current Plan, MODE: 4
Want Missles in DoPlanBOT: Want Guided Missles.BOT: Didn't get a powerup.BOT_AI::_DoPlan() Current Plan, MODE: 4
Want Missles in DoPlanBOT: Want Guided Missles.BOT: Didn't get a powerup.BOT_AI::_DoPlan() Current Plan, MODE: 4
Want Missles in DoPlanBOT: Want Guided Missles.BOT: Didn't get a powerup.BOT_AI::_DoPlan() Current Plan, MODE: 4
Want Missles in DoPlanBOT: Want Guided Missles.BOT: Didn't get a powerup.BOT_AI::_DoPlan() Current Plan, MODE: 4
Want Missles in DoPlanBOT: Want Guided Missles.BOT: Didn't get a powerup.BOT_AI::_DoPlan() Current Plan, MODE: 4
Want Missles in DoPlanBOT: Want Guided Missles.BOT: Didn't get a powerup.BOT_AI::_DoPlan() Current Plan, MODE: 4
Want Missles in DoPlanBOT: Want Guided Missles.BOT: Didn't get a powerup.BOT_AI::_DoPlan() Current Plan, MODE: 4
Want Missles in DoPlanBOT: Want Guided Missles.BOT: Didn't get a powerup.BOT_AI::_DoPlan() Current Plan, MODE: 4
Want Missles in DoPlanBOT: Want Guided Missles.BOT: Didn't get a powerup.BOT_AI::_DoPlan() Current Plan, MODE: 4
Want Missles in DoPlanBOT: Want Guided Missles.BOT: Didn't get a powerup.BOT_AI::_DoPlan() Current Plan, MODE: 4
Want Missles in DoPlanBOT: Want Guided Missles.BOT: Didn't get a powerup.BOT_AI::_DoPlan() Current Plan, MODE: 4
Want Missles in DoPlanBOT: Want Guided Missles.BOT: Didn't get a powerup.BOT_AI::_DoPlan() Current Plan, MODE: 4
Want Missles in DoPlanBOT: Want Guided Missles.BOT: Didn't get a powerup.BOT_AI::_DoPlan() Current Plan, MODE: 4
Want Missles in DoPlanBOT: Want Guided Missles.BOT: Didn't get a powerup.BOT_AI::_DoPlan() Current Plan, MODE: 4
Want Missles in DoPlanBOT: Want Guided Missles.BOT: Didn't get a powerup.BOT_AI::_DoPlan() Current Plan, MODE: 4
Want Missles in DoPlanBOT: Want Guided Missles.BOT: Didn't get a powerup.BOT_AI::_DoPlan() Current Plan, MODE: 4
Want Missles in DoPlanBOT: Want Guided Missles.BOT: Didn't get a powerup.BOT_AI::_DoPlan() Current Plan, MODE: 4
Want Missles in DoPlanBOT: Want Guided Missles.BOT: Didn't get a powerup.BOT_AI::_DoPlan() Current Plan, MODE: 4
Want Missles in DoPlanBOT: Want Guided Missles.BOT: Didn't get a powerup.BOT_AI::_DoPlan() Current Plan, MODE: 4
Want Missles in DoPlanBOT: Want Guided Missles.BOT_AI::_DoPlan() Current Plan, MODE: 4
Want Missles in DoPlanBOT: Want Guided Missles.BOT_AI::_DoPlan() Current Plan, MODE: 4
Want Missles in DoPlanBOT: Want Guided Missles.BOT_AI::_DoPlan() Current Plan, MODE: 4
Want Missles in DoPlanBOT: Want Guided Missles.BOT_AI::_DoPlan() Current Plan, MODE: 4
Want Missles in DoPlanBOT: Want Guided Missles.BOT_AI::_DoPlan() Current Plan, MODE: 4
Want Missles in DoPlanBOT: Want Guided Missles.BOT_AI::_DoPlan() Current Plan, MODE: 4
Want Missles in DoPlanBOT: Want Guided Missles.BOT_AI::_DoPlan() Current Plan, MODE: 4
Want Missles in DoPlanBOT: Didn't get a powerup.BOT_AI::_DoPlan() Current Plan, MODE: 4
Want all powerups in DoPlanBOT_AI::_DoPlan() Current Plan, MODE: 2
Want all powerups in DoPlanBOT_AI::_DoPlan() Current Plan, MODE: 2
Want all powerups in DoPlanBOT_AI::_DoPlan() Current Plan, MODE: 2
Want all powerups in DoPlanBOT_AI::_DoPlan() Current Plan, MODE: 2
Want all powerups in DoPlanBOT_AI::_DoPlan() Current Plan, MODE: 2
Want all powerups in DoPlanBOT_AI::_DoPlan() Current Plan, MODE: 2
Want all powerups in DoPlan#0: bottest#1: crazyspencereceiving client list update from server.adding client 1 named crazyspence to list.BOT_AI::_DoPlan() Current Plan, MODE: 2
Want the taste of blood in DoPlan#0: bottestreceiving client list update from server.removing client 1 from list.BOT_AI::_DoPlan() Current Plan, MODE: 1
Want all powerups in DoPlanBOT_AI::_DoPlan() Current Plan, MODE: 2
Want all powerups in DoPlanBOT_AI::_DoPlan() Current Plan, MODE: 2
Want all powerups in DoPlanBOT_AI::_DoPlan() Current Plan, MODE: 2
Want all powerups in DoPlanBOT_AI::_DoPlan() Current Plan, MODE: 2
Want all powerups in DoPlanBOT_AI::_DoPlan() Current Plan, MODE: 2
Want all powerups in DoPlanBOT_AI::_DoPlan() Current Plan, MODE: 2
Want all powerups in DoPlanBOT_AI::_DoPlan() Current Plan, MODE: 2
Want all powerups in DoPlanBOT_AI::_DoPlan() Current Plan, MODE: 2
Want all powerups in DoPlanBOT_AI::_DoPlan() Current Plan, MODE: 2
Want all powerups in DoPlanBOT_AI::_DoPlan() Current Plan, MODE: 2
Want all powerups in DoPlanBOT_AI::_DoPlan() Current Plan, MODE: 2
Want all powerups in DoPlanBOT_AI::_DoPlan() Current Plan, MODE: 2
Want all powerups in DoPlanBOT_AI::_DoPlan() Current Plan, MODE: 2
Want all powerups in DoPlanBOT_AI::_DoPlan() Current Plan, MODE: 2
Want all powerups in DoPlanBOT_AI::_DoPlan() Current Plan, MODE: 2
Want all powerups in DoPlanBOT_AI::_DoPlan() Current Plan, MODE: 2
Want all powerups in DoPlan.server has accepted our remove request.Exiting Parsec...

 OPENPARSEC build 0300 (ver. 0.3).---------------------------------------------------            http://www.openparsec.com              ---------------------------------------------------
 UNTESTED VERSION CURRENTLY UNDER DEVELOPMENT.
---------------------------------------------------
Data package error: file pscdata2.datData package error: file pscdata0.datpscdata version 011, internal version 011OpenParsec Client Network Protocol Version: 0.22GetLocalBroadcast(): ioctl error: No such device.IP address: 18.0.0.0TCP/IP networking support found.Network game will be available.
Booting game core.isdl_joy: Found 0 joysticks.
Executing console script (boot.con)....
::loading position flares...................
::loading firebird..........
::loading bluespire.................
::loading cormoran........
::loading stingray.......
::loading claymore......
::loading hurricane....................
::loading assassin...........
::loading silverhawk......
::loading laser..........
::loading missiles......
::loading power-up generation...............
::loading power-ups...............................................
::loading stargate animation.................................
::loading stargate object.....
::loading panorama.......................................
::loading particle flare 01.
::loading particle flare 02.
::loading particle flare 03...
::loading particle flare 04.
::loading particle flare 05.
::loading lightning particles...............
::loading smoke particles.........................
::loading vaportrail.
::loading shockwave...............
::loading explosions...............................
::loading menu buttons.......................................
::loading logo animation..............................
::loading spacecraft viewer......
::loading cockpit..............................
::loading weapon icons........................................
::loading fonts.
::loading teleporter........
::loading samples.........................................................................................................................
Script execution done.Executing console script (bot.con)...
Script execution done.starting up game core.Exiting Parsec...
